<?xml version="1.0" encoding="UTF-8"?>
<!-- Generated by org.testng.reporters.JUnitXMLReporter -->
<testsuite ignored="0" hostname="DESKTOP-D316B3V" failures="1" tests="2" name="Login Functionality" time="25.844" errors="0" timestamp="2024-09-25T12:10:09 GMT-07:00">
  <testcase classname="Tests.TestLogin" name="Login" time="14.578">
    <failure type="java.lang.AssertionError" message="expected [PASS] but found [FAIL]">
      <![CDATA[java.lang.AssertionError: expected [PASS] but found [FAIL]
at Tests.TestLogin.Login(TestLogin.java:64)
at java.base/java.util.ArrayList.forEach(ArrayList.java:1596)
... Removed 31 stack frames]]>
    </failure>
  </testcase> <!-- Login -->
  <testcase classname="Tests.TestLogin" name="Login" time="5.89"/>
</testsuite> <!-- Login Functionality -->
