<?xml version="1.0" encoding="UTF-8"?>
<testng-results skipped="0" failed="1" ignored="0" total="2" passed="1">
  <reporter-output>
  </reporter-output>
  <suite name="Suite" duration-ms="37726" started-at="2024-09-16T00:38:57 IST" finished-at="2024-09-16T00:39:35 IST">
    <groups>
    </groups>
    <test name="Login Functionality" duration-ms="37726" started-at="2024-09-16T00:38:57 IST" finished-at="2024-09-16T00:39:35 IST">
      <class name="Tests.TestLogin">
        <test-method status="PASS" signature="beforeLogin()[pri:0, instance:Tests.TestLogin@3aeaafa6]" name="beforeLogin" is-config="true" duration-ms="4190" started-at="2024-09-16T00:38:58 IST" finished-at="2024-09-16T00:39:02 IST">
          <reporter-output>
          </reporter-output>
        </test-method> <!-- beforeLogin -->
        <test-method status="FAIL" signature="Login(java.lang.String,java.lang.String)[pri:0, instance:Tests.TestLogin@3aeaafa6]" name="Login" duration-ms="17639" started-at="2024-09-16T00:39:02 IST" data-provider="getCredentials" finished-at="2024-09-16T00:39:20 IST">
          <params>
            <param index="0">
              <value>
                <![CDATA[hfgff]]>
              </value>
            </param>
            <param index="1">
              <value>
                <![CDATA[gfhfg]]>
              </value>
            </param>
          </params>
          <exception class="java.lang.AssertionError">
            <message>
              <![CDATA[expected [PASS] but found [FAIL]]]>
            </message>
            <full-stacktrace>
              <![CDATA[java.lang.AssertionError: expected [PASS] but found [FAIL]
at org.testng.Assert.fail(Assert.java:99)
at org.testng.Assert.failNotEquals(Assert.java:1037)
at org.testng.Assert.assertEqualsImpl(Assert.java:140)
at org.testng.Assert.assertEquals(Assert.java:122)
at org.testng.Assert.assertEquals(Assert.java:629)
at org.testng.Assert.assertEquals(Assert.java:639)
at Tests.TestLogin.Login(TestLogin.java:64)
at sun.reflect.NativeMethodAccessorImpl.invoke0(Native Method)
at sun.reflect.NativeMethodAccessorImpl.invoke(NativeMethodAccessorImpl.java:62)
at sun.reflect.DelegatingMethodAccessorImpl.invoke(DelegatingMethodAccessorImpl.java:43)
at java.lang.reflect.Method.invoke(Method.java:498)
at org.testng.internal.MethodInvocationHelper.invokeMethod(MethodInvocationHelper.java:133)
at org.testng.internal.TestInvoker.invokeMethod(TestInvoker.java:598)
at org.testng.internal.TestInvoker.invokeTestMethod(TestInvoker.java:173)
at org.testng.internal.MethodRunner.runInSequence(MethodRunner.java:46)
at org.testng.internal.TestInvoker$MethodInvocationAgent.invoke(TestInvoker.java:824)
at org.testng.internal.TestInvoker.invokeTestMethods(TestInvoker.java:146)
at org.testng.internal.TestMethodWorker.invokeTestMethods(TestMethodWorker.java:146)
at org.testng.internal.TestMethodWorker.run(TestMethodWorker.java:128)
at java.util.ArrayList.forEach(ArrayList.java:1259)
at org.testng.TestRunner.privateRun(TestRunner.java:794)
at org.testng.TestRunner.run(TestRunner.java:596)
at org.testng.SuiteRunner.runTest(SuiteRunner.java:377)
at org.testng.SuiteRunner.runSequentially(SuiteRunner.java:371)
at org.testng.SuiteRunner.privateRun(SuiteRunner.java:332)
at org.testng.SuiteRunner.run(SuiteRunner.java:276)
at org.testng.SuiteRunnerWorker.runSuite(SuiteRunnerWorker.java:53)
at org.testng.SuiteRunnerWorker.run(SuiteRunnerWorker.java:96)
at org.testng.TestNG.runSuitesSequentially(TestNG.java:1212)
at org.testng.TestNG.runSuitesLocally(TestNG.java:1134)
at org.testng.TestNG.runSuites(TestNG.java:1063)
at org.testng.TestNG.run(TestNG.java:1031)
at org.testng.remote.AbstractRemoteTestNG.run(AbstractRemoteTestNG.java:115)
at org.testng.remote.RemoteTestNG.initAndRun(RemoteTestNG.java:251)
at org.testng.remote.RemoteTestNG.main(RemoteTestNG.java:77)
]]>
            </full-stacktrace>
          </exception> <!-- java.lang.AssertionError -->
          <reporter-output>
          </reporter-output>
        </test-method> <!-- Login -->
        <test-method status="PASS" signature="AfterLogin()[pri:0, instance:Tests.TestLogin@3aeaafa6]" name="AfterLogin" is-config="true" duration-ms="315" started-at="2024-09-16T00:39:22 IST" finished-at="2024-09-16T00:39:23 IST">
          <reporter-output>
          </reporter-output>
        </test-method> <!-- AfterLogin -->
        <test-method status="PASS" signature="beforeLogin()[pri:0, instance:Tests.TestLogin@3aeaafa6]" name="beforeLogin" is-config="true" duration-ms="1650" started-at="2024-09-16T00:39:23 IST" finished-at="2024-09-16T00:39:24 IST">
          <reporter-output>
          </reporter-output>
        </test-method> <!-- beforeLogin -->
        <test-method status="PASS" signature="Login(java.lang.String,java.lang.String)[pri:0, instance:Tests.TestLogin@3aeaafa6]" name="Login" duration-ms="10643" started-at="2024-09-16T00:39:24 IST" data-provider="getCredentials" finished-at="2024-09-16T00:39:35 IST">
          <params>
            <param index="0">
              <value>
                <![CDATA[Admin]]>
              </value>
            </param>
            <param index="1">
              <value>
                <![CDATA[admin123]]>
              </value>
            </param>
          </params>
          <reporter-output>
          </reporter-output>
        </test-method> <!-- Login -->
        <test-method status="PASS" signature="AfterLogin()[pri:0, instance:Tests.TestLogin@3aeaafa6]" name="AfterLogin" is-config="true" duration-ms="121" started-at="2024-09-16T00:39:35 IST" finished-at="2024-09-16T00:39:35 IST">
          <reporter-output>
          </reporter-output>
        </test-method> <!-- AfterLogin -->
      </class> <!-- Tests.TestLogin -->
    </test> <!-- Login Functionality -->
  </suite> <!-- Suite -->
</testng-results>
